[debug] [2021-01-10T11:19:33.503Z] ----------------------------------------------------------------------
[debug] [2021-01-10T11:19:33.505Z] Command:       C:\Program Files\nodejs\node.exe C:\Users\agaud\AppData\Roaming\npm\node_modules\firebase-tools\lib\bin\firebase.js init
[debug] [2021-01-10T11:19:33.506Z] CLI Version:   9.1.2
[debug] [2021-01-10T11:19:33.506Z] Platform:      win32
[debug] [2021-01-10T11:19:33.506Z] Node Version:  v14.15.1
[debug] [2021-01-10T11:19:33.508Z] Time:          Sun Jan 10 2021 13:19:33 GMT+0200 (Eastern European Standard Time)
[debug] [2021-01-10T11:19:33.508Z] ----------------------------------------------------------------------
[debug] [2021-01-10T11:19:33.508Z] 
[debug] [2021-01-10T11:19:33.511Z] >>> [apiv2][query] GET https://firebase-public.firebaseio.com/cli.json [none]
[debug] [2021-01-10T11:19:33.535Z] > command requires scopes: ["email","openid","https://www.googleapis.com/auth/cloudplatformprojects.readonly","https://www.googleapis.com/auth/firebase","https://www.googleapis.com/auth/cloud-platform"]
[debug] [2021-01-10T11:19:33.536Z] > authorizing via signed-in user
[info] 
     ######## #### ########  ######## ########     ###     ######  ########
     ##        ##  ##     ## ##       ##     ##  ##   ##  ##       ##
     ######    ##  ########  ######   ########  #########  ######  ######
     ##        ##  ##    ##  ##       ##     ## ##     ##       ## ##
     ##       #### ##     ## ######## ########  ##     ##  ######  ########

You're about to initialize a Firebase project in this directory:

  C:\Users\agaud\Documents\GitHub\submersion-9-3

[debug] [2021-01-10T11:19:34.028Z] <<< [apiv2][status] GET https://firebase-public.firebaseio.com/cli.json 200
[debug] [2021-01-10T11:19:34.028Z] <<< [apiv2][body] GET https://firebase-public.firebaseio.com/cli.json {"cloudBuildErrorAfter":1594252800000,"cloudBuildWarnAfter":1590019200000,"defaultNode10After":1594252800000,"minVersion":"3.0.5","node8DeploysDisabledAfter":1613390400000,"node8RuntimeDisabledAfter":1615809600000,"node8WarnAfter":1600128000000}
